<?xml version="1.0" encoding="UTF-8"?>
<testsuite xmlns:xsi="http://www.w3.org/2001/XMLSchema-instance" xsi:noNamespaceSchemaLocation="https://maven.apache.org/surefire/maven-surefire-plugin/xsd/surefire-test-report.xsd" name="pointofsale.model.TestSale" time="0" tests="6" errors="0" skipped="0" failures="0">
  <properties>
[...]
</properties>
  <testcase name="TestGetRunningTotal" classname="pointofsale.model.TestSale" time="0"/>
  <testcase name="TestAddItemExceptionDatabaseError" classname="pointofsale.model.TestSale" time="0"/>
  <testcase name="TestGetGoodsCorrectItemCollected" classname="pointofsale.model.TestSale" time="0"/>
  <testcase name="TestGetItemInformationExceptionInvalidItemIDError" classname="pointofsale.model.TestSale" time="0"/>
  <testcase name="TestAddItemCorrectItemFromDB" classname="pointofsale.model.TestSale" time="0"/>
  <testcase name="TestGetTs" classname="pointofsale.model.TestSale" time="0"/>
</testsuite>